c:\users\blaze\desktop\utrecht university\computer vision\assignment2\voxelreconstruction\x64\release\vc141.pdb
c:\users\blaze\desktop\utrecht university\computer vision\assignment2\voxelreconstruction\x64\release\voxelreconstruction.obj
c:\users\blaze\desktop\utrecht university\computer vision\assignment2\voxelreconstruction\x64\release\general.obj
c:\users\blaze\desktop\utrecht university\computer vision\assignment2\voxelreconstruction\x64\release\main.obj
c:\users\blaze\desktop\utrecht university\computer vision\assignment2\voxelreconstruction\x64\release\scene3drenderer.obj
c:\users\blaze\desktop\utrecht university\computer vision\assignment2\voxelreconstruction\x64\release\reconstructor.obj
c:\users\blaze\desktop\utrecht university\computer vision\assignment2\voxelreconstruction\x64\release\glut.obj
c:\users\blaze\desktop\utrecht university\computer vision\assignment2\voxelreconstruction\x64\release\arcball.obj
c:\users\blaze\desktop\utrecht university\computer vision\assignment2\voxelreconstruction\x64\release\camera.obj
g:\utrecht university\computer vision\assignment2\voxelreconstruction\x64\release\vc142.pdb
g:\utrecht university\computer vision\assignment2\voxelreconstruction\x64\release\arcball.obj
g:\utrecht university\computer vision\assignment2\voxelreconstruction\x64\release\camera.obj
c:\users\blaze\desktop\utrecht university\computer vision\assignment2\voxelreconstruction\x64\release\voxelreconstruction.exe
c:\users\blaze\desktop\utrecht university\computer vision\assignment2\voxelreconstruction\x64\release\voxelreconstruction.pdb
c:\users\blaze\desktop\utrecht university\computer vision\assignment2\voxelreconstruction\x64\release\voxelreconstruction.ipdb
c:\users\blaze\desktop\utrecht university\computer vision\assignment2\voxelreconstruction\x64\release\voxelreconstruction.iobj
g:\utrecht university\computer vision\assignment2\voxelreconstruction\x64\release\general.obj
g:\utrecht university\computer vision\assignment2\voxelreconstruction\x64\release\glut.obj
g:\utrecht university\computer vision\assignment2\voxelreconstruction\x64\release\main.obj
g:\utrecht university\computer vision\assignment2\voxelreconstruction\x64\release\reconstructor.obj
g:\utrecht university\computer vision\assignment2\voxelreconstruction\x64\release\scene3drenderer.obj
g:\utrecht university\computer vision\assignment2\voxelreconstruction\x64\release\voxelreconstruction.obj
g:\utrecht university\computer vision\assignment2\voxelreconstruction\x64\release\voxelreconstruction.ipdb
g:\utrecht university\computer vision\assignment2\voxelreconstruction\x64\release\voxelreconstruction.iobj
g:\utrecht university\computer vision\assignment2\voxelreconstruction\x64\release\vc141.pdb
g:\utrecht university\computer vision\assignment2\voxelreconstruction\x64\release\voxelreconstruction.pdb
g:\utrecht university\computer vision\assignment2\voxelreconstruction\x64\release\voxelreconstruction.exe
g:\utrecht university\computer vision\assignment2\voxelreconstruction\x64\release\voxelrec.d024333b.tlog\cl.command.1.tlog
g:\utrecht university\computer vision\assignment2\voxelreconstruction\x64\release\voxelrec.d024333b.tlog\cl.read.1.tlog
g:\utrecht university\computer vision\assignment2\voxelreconstruction\x64\release\voxelrec.d024333b.tlog\cl.write.1.tlog
g:\utrecht university\computer vision\assignment2\voxelreconstruction\x64\release\voxelrec.d024333b.tlog\link.command.1.tlog
g:\utrecht university\computer vision\assignment2\voxelreconstruction\x64\release\voxelrec.d024333b.tlog\link.read.1.tlog
g:\utrecht university\computer vision\assignment2\voxelreconstruction\x64\release\voxelrec.d024333b.tlog\link.write.1.tlog
g:\utrecht university\computer vision\assignment2\voxelreconstruction\x64\release\voxelrec.d024333b.tlog\voxelreconstruction.write.1u.tlog
